This is pdfTeX, Version 3.1415926-2.5-1.40.14 (TeX Live 2013) (format=pdflatex 2014.4.28)  25 JUL 2014 09:07
entering extended mode
 restricted \write18 enabled.
 %&-line parsing enabled.
**ggplot.tex
(./ggplot.tex
LaTeX2e <2011/06/27>
Babel <3.9k> and hyphenation patterns for 78 languages loaded.
(/usr/local/texlive/2013/texmf-dist/tex/latex/beamer/beamer.cls
(/usr/local/texlive/2013/texmf-dist/tex/latex/beamer/beamerbasercs.sty
Package: beamerbasercs 2013/12/25 (rcs-revision 31cc758a62ae)
)
Document Class: beamer 2013/12/02 3.33 A class for typesetting presentations (r
cs-revision 332bfd3ce558)
(/usr/local/texlive/2013/texmf-dist/tex/latex/beamer/beamerbasemodes.sty
Package: beamerbasemodes 2013/09/03 (rcs-revision 768f2d98ca64)
\beamer@tempbox=\box26
\beamer@tempcount=\count79
\c@beamerpauses=\count80

(/usr/local/texlive/2013/texmf-dist/tex/latex/beamer/beamerbasedecode.sty
Package: beamerbasedecode 2010/05/01 (rcs-revision efa082c6111d)
\beamer@slideinframe=\count81
\beamer@minimum=\count82
)
\beamer@commentbox=\box27
\beamer@modecount=\count83
)
(/usr/local/texlive/2013/texmf-dist/tex/generic/oberdiek/ifpdf.sty
Package: ifpdf 2011/01/30 v2.3 Provides the ifpdf switch (HO)
Package ifpdf Info: pdfTeX in PDF mode is detected.
)
\headheight=\dimen102
\headdp=\dimen103
\footheight=\dimen104
\sidebarheight=\dimen105
\beamer@tempdim=\dimen106
\beamer@finalheight=\dimen107
\beamer@animht=\dimen108
\beamer@animdp=\dimen109
\beamer@animwd=\dimen110
\beamer@leftmargin=\dimen111
\beamer@rightmargin=\dimen112
\beamer@leftsidebar=\dimen113
\beamer@rightsidebar=\dimen114
\beamer@boxsize=\dimen115
\beamer@vboxoffset=\dimen116
\beamer@descdefault=\dimen117
\beamer@descriptionwidth=\dimen118
\beamer@lastskip=\skip41
\beamer@areabox=\box28
\beamer@animcurrent=\box29
\beamer@animshowbox=\box30
\beamer@sectionbox=\box31
\beamer@logobox=\box32
\beamer@linebox=\box33
\beamer@sectioncount=\count84
\beamer@subsubsectionmax=\count85
\beamer@subsectionmax=\count86
\beamer@sectionmax=\count87
\beamer@totalheads=\count88
\beamer@headcounter=\count89
\beamer@partstartpage=\count90
\beamer@sectionstartpage=\count91
\beamer@subsectionstartpage=\count92
\beamer@animationtempa=\count93
\beamer@animationtempb=\count94
\beamer@xpos=\count95
\beamer@ypos=\count96
\beamer@showpartnumber=\count97
\beamer@currentsubsection=\count98
\beamer@coveringdepth=\count99
\beamer@sectionadjust=\count100
\beamer@tocsectionnumber=\count101

(/usr/local/texlive/2013/texmf-dist/tex/latex/beamer/beamerbaseoptions.sty
Package: beamerbaseoptions 2013/03/10 (rcs-revision 47431932db0d)

(/usr/local/texlive/2013/texmf-dist/tex/latex/graphics/keyval.sty
Package: keyval 1999/03/16 v1.13 key=value parser (DPC)
\KV@toks@=\toks14
))
\beamer@paperwidth=\skip42
\beamer@paperheight=\skip43

(/usr/local/texlive/2013/texmf-dist/tex/latex/geometry/geometry.sty
Package: geometry 2010/09/12 v5.6 Page Geometry

(/usr/local/texlive/2013/texmf-dist/tex/generic/oberdiek/ifvtex.sty
Package: ifvtex 2010/03/01 v1.5 Detect VTeX and its facilities (HO)
Package ifvtex Info: VTeX not detected.
)
(/usr/local/texlive/2013/texmf-dist/tex/generic/ifxetex/ifxetex.sty
Package: ifxetex 2010/09/12 v0.6 Provides ifxetex conditional
)
\Gm@cnth=\count102
\Gm@cntv=\count103
\c@Gm@tempcnt=\count104
\Gm@bindingoffset=\dimen119
\Gm@wd@mp=\dimen120
\Gm@odd@mp=\dimen121
\Gm@even@mp=\dimen122
\Gm@layoutwidth=\dimen123
\Gm@layoutheight=\dimen124
\Gm@layouthoffset=\dimen125
\Gm@layoutvoffset=\dimen126
\Gm@dimlist=\toks15
)
(/usr/local/texlive/2013/texmf-dist/tex/latex/base/size11.clo
File: size11.clo 2007/10/19 v1.4h Standard LaTeX file (size option)
)
(/usr/local/texlive/2013/texmf-dist/tex/latex/pgf/basiclayer/pgfcore.sty
(/usr/local/texlive/2013/texmf-dist/tex/latex/graphics/graphicx.sty
Package: graphicx 1999/02/16 v1.0f Enhanced LaTeX Graphics (DPC,SPQR)

(/usr/local/texlive/2013/texmf-dist/tex/latex/graphics/graphics.sty
Package: graphics 2009/02/05 v1.0o Standard LaTeX Graphics (DPC,SPQR)

(/usr/local/texlive/2013/texmf-dist/tex/latex/graphics/trig.sty
Package: trig 1999/03/16 v1.09 sin cos tan (DPC)
)
(/usr/local/texlive/2013/texmf-dist/tex/latex/latexconfig/graphics.cfg
File: graphics.cfg 2010/04/23 v1.9 graphics configuration of TeX Live
)
Package graphics Info: Driver file: pdftex.def on input line 91.

(/usr/local/texlive/2013/texmf-dist/tex/latex/pdftex-def/pdftex.def
File: pdftex.def 2011/05/27 v0.06d Graphics/color for pdfTeX

(/usr/local/texlive/2013/texmf-dist/tex/generic/oberdiek/infwarerr.sty
Package: infwarerr 2010/04/08 v1.3 Providing info/warning/error messages (HO)
)
(/usr/local/texlive/2013/texmf-dist/tex/generic/oberdiek/ltxcmds.sty
Package: ltxcmds 2011/11/09 v1.22 LaTeX kernel commands for general use (HO)
)
\Gread@gobject=\count105
))
\Gin@req@height=\dimen127
\Gin@req@width=\dimen128
)
(/usr/local/texlive/2013/texmf-dist/tex/latex/pgf/systemlayer/pgfsys.sty
(/usr/local/texlive/2013/texmf-dist/tex/latex/pgf/utilities/pgfrcs.sty
(/usr/local/texlive/2013/texmf-dist/tex/generic/pgf/utilities/pgfutil-common.te
x
\pgfutil@everybye=\toks16
\pgfutil@tempdima=\dimen129
\pgfutil@tempdimb=\dimen130

(/usr/local/texlive/2013/texmf-dist/tex/generic/pgf/utilities/pgfutil-common-li
sts.tex))
(/usr/local/texlive/2013/texmf-dist/tex/generic/pgf/utilities/pgfutil-latex.def
\pgfutil@abb=\box34
(/usr/local/texlive/2013/texmf-dist/tex/latex/ms/everyshi.sty
Package: everyshi 2001/05/15 v3.00 EveryShipout Package (MS)
))
(/usr/local/texlive/2013/texmf-dist/tex/generic/pgf/utilities/pgfrcs.code.tex
Package: pgfrcs 2013/12/20 v3.0.0 (rcs-revision 1.28)
))
(/usr/local/texlive/2013/texmf-dist/tex/generic/pgf/systemlayer/pgfsys.code.tex
Package: pgfsys 2013/11/30 v3.0.0 (rcs-revision 1.47)
(/usr/local/texlive/2013/texmf-dist/tex/generic/pgf/utilities/pgfkeys.code.tex
\pgfkeys@pathtoks=\toks17
\pgfkeys@temptoks=\toks18

(/usr/local/texlive/2013/texmf-dist/tex/generic/pgf/utilities/pgfkeysfiltered.c
ode.tex
\pgfkeys@tmptoks=\toks19
))
\pgf@x=\dimen131
\pgf@y=\dimen132
\pgf@xa=\dimen133
\pgf@ya=\dimen134
\pgf@xb=\dimen135
\pgf@yb=\dimen136
\pgf@xc=\dimen137
\pgf@yc=\dimen138
\w@pgf@writea=\write3
\r@pgf@reada=\read1
\c@pgf@counta=\count106
\c@pgf@countb=\count107
\c@pgf@countc=\count108
\c@pgf@countd=\count109
\t@pgf@toka=\toks20
\t@pgf@tokb=\toks21
\t@pgf@tokc=\toks22

(/usr/local/texlive/2013/texmf-dist/tex/generic/pgf/systemlayer/pgf.cfg
File: pgf.cfg 2008/05/14  (rcs-revision 1.7)
)
Driver file for pgf: pgfsys-pdftex.def

(/usr/local/texlive/2013/texmf-dist/tex/generic/pgf/systemlayer/pgfsys-pdftex.d
ef
File: pgfsys-pdftex.def 2013/07/18  (rcs-revision 1.33)

(/usr/local/texlive/2013/texmf-dist/tex/generic/pgf/systemlayer/pgfsys-common-p
df.def
File: pgfsys-common-pdf.def 2013/10/10  (rcs-revision 1.13)
)))
(/usr/local/texlive/2013/texmf-dist/tex/generic/pgf/systemlayer/pgfsyssoftpath.
code.tex
File: pgfsyssoftpath.code.tex 2013/09/09  (rcs-revision 1.9)
\pgfsyssoftpath@smallbuffer@items=\count110
\pgfsyssoftpath@bigbuffer@items=\count111
)
(/usr/local/texlive/2013/texmf-dist/tex/generic/pgf/systemlayer/pgfsysprotocol.
code.tex
File: pgfsysprotocol.code.tex 2006/10/16  (rcs-revision 1.4)
)) (/usr/local/texlive/2013/texmf-dist/tex/latex/xcolor/xcolor.sty
Package: xcolor 2007/01/21 v2.11 LaTeX color extensions (UK)

(/usr/local/texlive/2013/texmf-dist/tex/latex/latexconfig/color.cfg
File: color.cfg 2007/01/18 v1.5 color configuration of teTeX/TeXLive
)
Package xcolor Info: Driver file: pdftex.def on input line 225.
Package xcolor Info: Model `cmy' substituted by `cmy0' on input line 1337.
Package xcolor Info: Model `hsb' substituted by `rgb' on input line 1341.
Package xcolor Info: Model `RGB' extended on input line 1353.
Package xcolor Info: Model `HTML' substituted by `rgb' on input line 1355.
Package xcolor Info: Model `Hsb' substituted by `hsb' on input line 1356.
Package xcolor Info: Model `tHsb' substituted by `hsb' on input line 1357.
Package xcolor Info: Model `HSB' substituted by `hsb' on input line 1358.
Package xcolor Info: Model `Gray' substituted by `gray' on input line 1359.
Package xcolor Info: Model `wave' substituted by `hsb' on input line 1360.
)
(/usr/local/texlive/2013/texmf-dist/tex/generic/pgf/basiclayer/pgfcore.code.tex
Package: pgfcore 2010/04/11 v3.0.0 (rcs-revision 1.7)
(/usr/local/texlive/2013/texmf-dist/tex/generic/pgf/math/pgfmath.code.tex
(/usr/local/texlive/2013/texmf-dist/tex/generic/pgf/math/pgfmathcalc.code.tex
(/usr/local/texlive/2013/texmf-dist/tex/generic/pgf/math/pgfmathutil.code.tex)
(/usr/local/texlive/2013/texmf-dist/tex/generic/pgf/math/pgfmathparser.code.tex
\pgfmath@dimen=\dimen139
\pgfmath@count=\count112
\pgfmath@box=\box35
\pgfmath@toks=\toks23
\pgfmath@stack@operand=\toks24
\pgfmath@stack@operation=\toks25
)
(/usr/local/texlive/2013/texmf-dist/tex/generic/pgf/math/pgfmathfunctions.code.
tex
(/usr/local/texlive/2013/texmf-dist/tex/generic/pgf/math/pgfmathfunctions.basic
.code.tex)
(/usr/local/texlive/2013/texmf-dist/tex/generic/pgf/math/pgfmathfunctions.trigo
nometric.code.tex)
(/usr/local/texlive/2013/texmf-dist/tex/generic/pgf/math/pgfmathfunctions.rando
m.code.tex)
(/usr/local/texlive/2013/texmf-dist/tex/generic/pgf/math/pgfmathfunctions.compa
rison.code.tex)
(/usr/local/texlive/2013/texmf-dist/tex/generic/pgf/math/pgfmathfunctions.base.
code.tex)
(/usr/local/texlive/2013/texmf-dist/tex/generic/pgf/math/pgfmathfunctions.round
.code.tex)
(/usr/local/texlive/2013/texmf-dist/tex/generic/pgf/math/pgfmathfunctions.misc.
code.tex)
(/usr/local/texlive/2013/texmf-dist/tex/generic/pgf/math/pgfmathfunctions.integ
erarithmetics.code.tex)))
(/usr/local/texlive/2013/texmf-dist/tex/generic/pgf/math/pgfmathfloat.code.tex
\c@pgfmathroundto@lastzeros=\count113
))
(/usr/local/texlive/2013/texmf-dist/tex/generic/pgf/basiclayer/pgfcorepoints.co
de.tex
File: pgfcorepoints.code.tex 2013/10/07  (rcs-revision 1.27)
\pgf@picminx=\dimen140
\pgf@picmaxx=\dimen141
\pgf@picminy=\dimen142
\pgf@picmaxy=\dimen143
\pgf@pathminx=\dimen144
\pgf@pathmaxx=\dimen145
\pgf@pathminy=\dimen146
\pgf@pathmaxy=\dimen147
\pgf@xx=\dimen148
\pgf@xy=\dimen149
\pgf@yx=\dimen150
\pgf@yy=\dimen151
\pgf@zx=\dimen152
\pgf@zy=\dimen153
)
(/usr/local/texlive/2013/texmf-dist/tex/generic/pgf/basiclayer/pgfcorepathconst
ruct.code.tex
File: pgfcorepathconstruct.code.tex 2013/10/07  (rcs-revision 1.29)
\pgf@path@lastx=\dimen154
\pgf@path@lasty=\dimen155
)
(/usr/local/texlive/2013/texmf-dist/tex/generic/pgf/basiclayer/pgfcorepathusage
.code.tex
File: pgfcorepathusage.code.tex 2013/12/13  (rcs-revision 1.23)
\pgf@shorten@end@additional=\dimen156
\pgf@shorten@start@additional=\dimen157
)
(/usr/local/texlive/2013/texmf-dist/tex/generic/pgf/basiclayer/pgfcorescopes.co
de.tex
File: pgfcorescopes.code.tex 2013/10/09  (rcs-revision 1.44)
\pgfpic=\box36
\pgf@hbox=\box37
\pgf@layerbox@main=\box38
\pgf@picture@serial@count=\count114
)
(/usr/local/texlive/2013/texmf-dist/tex/generic/pgf/basiclayer/pgfcoregraphicst
ate.code.tex
File: pgfcoregraphicstate.code.tex 2013/09/19  (rcs-revision 1.11)
\pgflinewidth=\dimen158
)
(/usr/local/texlive/2013/texmf-dist/tex/generic/pgf/basiclayer/pgfcoretransform
ations.code.tex
File: pgfcoretransformations.code.tex 2013/10/10  (rcs-revision 1.17)
\pgf@pt@x=\dimen159
\pgf@pt@y=\dimen160
\pgf@pt@temp=\dimen161
)
(/usr/local/texlive/2013/texmf-dist/tex/generic/pgf/basiclayer/pgfcorequick.cod
e.tex
File: pgfcorequick.code.tex 2008/10/09  (rcs-revision 1.3)
)
(/usr/local/texlive/2013/texmf-dist/tex/generic/pgf/basiclayer/pgfcoreobjects.c
ode.tex
File: pgfcoreobjects.code.tex 2006/10/11  (rcs-revision 1.2)
)
(/usr/local/texlive/2013/texmf-dist/tex/generic/pgf/basiclayer/pgfcorepathproce
ssing.code.tex
File: pgfcorepathprocessing.code.tex 2013/09/09  (rcs-revision 1.9)
)
(/usr/local/texlive/2013/texmf-dist/tex/generic/pgf/basiclayer/pgfcorearrows.co
de.tex
File: pgfcorearrows.code.tex 2013/11/07  (rcs-revision 1.40)
\pgfarrowsep=\dimen162
)
(/usr/local/texlive/2013/texmf-dist/tex/generic/pgf/basiclayer/pgfcoreshade.cod
e.tex
File: pgfcoreshade.code.tex 2013/07/15  (rcs-revision 1.15)
\pgf@max=\dimen163
\pgf@sys@shading@range@num=\count115
)
(/usr/local/texlive/2013/texmf-dist/tex/generic/pgf/basiclayer/pgfcoreimage.cod
e.tex
File: pgfcoreimage.code.tex 2013/07/15  (rcs-revision 1.18)

(/usr/local/texlive/2013/texmf-dist/tex/generic/pgf/basiclayer/pgfcoreexternal.
code.tex
File: pgfcoreexternal.code.tex 2013/07/15  (rcs-revision 1.20)
\pgfexternal@startupbox=\box39
))
(/usr/local/texlive/2013/texmf-dist/tex/generic/pgf/basiclayer/pgfcorelayers.co
de.tex
File: pgfcorelayers.code.tex 2013/07/18  (rcs-revision 1.7)
)
(/usr/local/texlive/2013/texmf-dist/tex/generic/pgf/basiclayer/pgfcoretranspare
ncy.code.tex
File: pgfcoretransparency.code.tex 2013/09/30  (rcs-revision 1.5)
)
(/usr/local/texlive/2013/texmf-dist/tex/generic/pgf/basiclayer/pgfcorepatterns.
code.tex
File: pgfcorepatterns.code.tex 2013/11/07  (rcs-revision 1.5)
)))
(/usr/local/texlive/2013/texmf-dist/tex/latex/pgf/utilities/xxcolor.sty
Package: xxcolor 2003/10/24 ver 0.1
\XC@nummixins=\count116
\XC@countmixins=\count117
)
(/usr/local/texlive/2013/texmf-dist/tex/generic/oberdiek/atbegshi.sty
Package: atbegshi 2011/10/05 v1.16 At begin shipout hook (HO)
)
(/usr/local/texlive/2013/texmf-dist/tex/latex/hyperref/hyperref.sty
Package: hyperref 2012/11/06 v6.83m Hypertext links for LaTeX

(/usr/local/texlive/2013/texmf-dist/tex/generic/oberdiek/hobsub-hyperref.sty
Package: hobsub-hyperref 2012/05/28 v1.13 Bundle oberdiek, subset hyperref (HO)


(/usr/local/texlive/2013/texmf-dist/tex/generic/oberdiek/hobsub-generic.sty
Package: hobsub-generic 2012/05/28 v1.13 Bundle oberdiek, subset generic (HO)
Package: hobsub 2012/05/28 v1.13 Construct package bundles (HO)
Package hobsub Info: Skipping package `infwarerr' (already loaded).
Package hobsub Info: Skipping package `ltxcmds' (already loaded).
Package: ifluatex 2010/03/01 v1.3 Provides the ifluatex switch (HO)
Package ifluatex Info: LuaTeX not detected.
Package hobsub Info: Skipping package `ifvtex' (already loaded).
Package: intcalc 2007/09/27 v1.1 Expandable calculations with integers (HO)
Package hobsub Info: Skipping package `ifpdf' (already loaded).
Package: etexcmds 2011/02/16 v1.5 Avoid name clashes with e-TeX commands (HO)
Package etexcmds Info: Could not find \expanded.
(etexcmds)             That can mean that you are not using pdfTeX 1.50 or
(etexcmds)             that some package has redefined \expanded.
(etexcmds)             In the latter case, load this package earlier.
Package: kvsetkeys 2012/04/25 v1.16 Key value parser (HO)
Package: kvdefinekeys 2011/04/07 v1.3 Define keys (HO)
Package: pdftexcmds 2011/11/29 v0.20 Utility functions of pdfTeX for LuaTeX (HO
)
Package pdftexcmds Info: LuaTeX not detected.
Package pdftexcmds Info: \pdf@primitive is available.
Package pdftexcmds Info: \pdf@ifprimitive is available.
Package pdftexcmds Info: \pdfdraftmode found.
Package: pdfescape 2011/11/25 v1.13 Implements pdfTeX's escape features (HO)
Package: bigintcalc 2012/04/08 v1.3 Expandable calculations on big integers (HO
)
Package: bitset 2011/01/30 v1.1 Handle bit-vector datatype (HO)
Package: uniquecounter 2011/01/30 v1.2 Provide unlimited unique counter (HO)
)
Package hobsub Info: Skipping package `hobsub' (already loaded).
Package: letltxmacro 2010/09/02 v1.4 Let assignment for LaTeX macros (HO)
Package: hopatch 2012/05/28 v1.2 Wrapper for package hooks (HO)
Package: xcolor-patch 2011/01/30 xcolor patch
Package: atveryend 2011/06/30 v1.8 Hooks at the very end of document (HO)
Package atveryend Info: \enddocument detected (standard20110627).
Package hobsub Info: Skipping package `atbegshi' (already loaded).
Package: refcount 2011/10/16 v3.4 Data extraction from label references (HO)
Package: hycolor 2011/01/30 v1.7 Color options for hyperref/bookmark (HO)
)
(/usr/local/texlive/2013/texmf-dist/tex/latex/oberdiek/auxhook.sty
Package: auxhook 2011/03/04 v1.3 Hooks for auxiliary files (HO)
)
(/usr/local/texlive/2013/texmf-dist/tex/latex/oberdiek/kvoptions.sty
Package: kvoptions 2011/06/30 v3.11 Key value format for package options (HO)
)
\@linkdim=\dimen164
\Hy@linkcounter=\count118
\Hy@pagecounter=\count119

(/usr/local/texlive/2013/texmf-dist/tex/latex/hyperref/pd1enc.def
File: pd1enc.def 2012/11/06 v6.83m Hyperref: PDFDocEncoding definition (HO)
)
\Hy@SavedSpaceFactor=\count120

(/usr/local/texlive/2013/texmf-dist/tex/latex/latexconfig/hyperref.cfg
File: hyperref.cfg 2002/06/06 v1.2 hyperref configuration of TeXLive
)
Package hyperref Info: Option `bookmarks' set `true' on input line 4319.
Package hyperref Info: Option `bookmarksopen' set `true' on input line 4319.
Package hyperref Info: Option `implicit' set `false' on input line 4319.
Package hyperref Info: Hyper figures OFF on input line 4443.
Package hyperref Info: Link nesting OFF on input line 4448.
Package hyperref Info: Hyper index ON on input line 4451.
Package hyperref Info: Plain pages OFF on input line 4458.
Package hyperref Info: Backreferencing OFF on input line 4463.
Package hyperref Info: Implicit mode OFF; no redefinition of LaTeX internals.
Package hyperref Info: Bookmarks ON on input line 4688.
\c@Hy@tempcnt=\count121

(/usr/local/texlive/2013/texmf-dist/tex/latex/url/url.sty
\Urlmuskip=\muskip10
Package: url 2013/09/16  ver 3.4  Verb mode for urls, etc.
)
LaTeX Info: Redefining \url on input line 5041.
\XeTeXLinkMargin=\dimen165
\Fld@menulength=\count122
\Field@Width=\dimen166
\Fld@charsize=\dimen167
Package hyperref Info: Hyper figures OFF on input line 6295.
Package hyperref Info: Link nesting OFF on input line 6300.
Package hyperref Info: Hyper index ON on input line 6303.
Package hyperref Info: backreferencing OFF on input line 6310.
Package hyperref Info: Link coloring OFF on input line 6315.
Package hyperref Info: Link coloring with OCG OFF on input line 6320.
Package hyperref Info: PDF/A mode OFF on input line 6325.
LaTeX Info: Redefining \ref on input line 6365.
LaTeX Info: Redefining \pageref on input line 6369.
\Hy@abspage=\count123


Package hyperref Message: Stopped early.

)

Package hyperref Message: Driver (autodetected): hpdftex.

(/usr/local/texlive/2013/texmf-dist/tex/latex/hyperref/hpdftex.def
File: hpdftex.def 2012/11/06 v6.83m Hyperref driver for pdfTeX
\Fld@listcount=\count124
\c@bookmark@seq@number=\count125

(/usr/local/texlive/2013/texmf-dist/tex/latex/oberdiek/rerunfilecheck.sty
Package: rerunfilecheck 2011/04/15 v1.7 Rerun checks for auxiliary files (HO)
Package uniquecounter Info: New unique counter `rerunfilecheck' on input line 2
82.
))
(/usr/local/texlive/2013/texmf-dist/tex/latex/beamer/beamerbaserequires.sty
Package: beamerbaserequires 2010/05/01  (rcs-revision efa082c6111d)

(/usr/local/texlive/2013/texmf-dist/tex/latex/beamer/beamerbasecompatibility.st
y
Package: beamerbasecompatibility 2012/05/01  (rcs-revision 67c48b3b652d)
) (/usr/local/texlive/2013/texmf-dist/tex/latex/beamer/beamerbasefont.sty
Package: beamerbasefont 2013/10/18  (rcs-revision 72f39e01808a)

(/usr/local/texlive/2013/texmf-dist/tex/latex/amsfonts/amssymb.sty
Package: amssymb 2013/01/14 v3.01 AMS font symbols

(/usr/local/texlive/2013/texmf-dist/tex/latex/amsfonts/amsfonts.sty
Package: amsfonts 2013/01/14 v3.01 Basic AMSFonts support
\@emptytoks=\toks26
\symAMSa=\mathgroup4
\symAMSb=\mathgroup5
LaTeX Font Info:    Overwriting math alphabet `\mathfrak' in version `bold'
(Font)                  U/euf/m/n --> U/euf/b/n on input line 106.
))
(/usr/local/texlive/2013/texmf-dist/tex/latex/sansmathaccent/sansmathaccent.sty
Package: sansmathaccent 2013/03/28
(/usr/local/texlive/2013/texmf-dist/tex/latex/filehook/filehook.sty
Package: filehook 2011/10/12 v0.5d Hooks for input files
)))
(/usr/local/texlive/2013/texmf-dist/tex/latex/beamer/beamerbasetranslator.sty
Package: beamerbasetranslator 2010/06/11  (rcs-revision 85fd1cc7fc42)

(/usr/local/texlive/2013/texmf-dist/tex/latex/beamer/translator/translator.sty
Package: translator 2010/06/12 ver 1.10

(/usr/local/texlive/2013/texmf-dist/tex/latex/beamer/translator/translator-lang
uage-mappings.tex)))
(/usr/local/texlive/2013/texmf-dist/tex/latex/beamer/beamerbasemisc.sty
Package: beamerbasemisc 2013/09/03  (rcs-revision a55719c41d85)
)
(/usr/local/texlive/2013/texmf-dist/tex/latex/beamer/beamerbasetwoscreens.sty
Package: beamerbasetwoscreens 2010/05/01  (rcs-revision efa082c6111d)
)
(/usr/local/texlive/2013/texmf-dist/tex/latex/beamer/beamerbaseoverlay.sty
Package: beamerbaseoverlay 2013/12/25  (rcs-revision f6bd5e3805da)
\beamer@argscount=\count126
\beamer@lastskipcover=\skip44
\beamer@trivlistdepth=\count127
)
(/usr/local/texlive/2013/texmf-dist/tex/latex/beamer/beamerbasetitle.sty
Package: beamerbasetitle 2010/09/21  (rcs-revision f0446ed0b6ae)
)
(/usr/local/texlive/2013/texmf-dist/tex/latex/beamer/beamerbasesection.sty
Package: beamerbasesection 2013/06/07  (rcs-revision 60b9fe0f342f)
\c@lecture=\count128
\c@part=\count129
\c@section=\count130
\c@subsection=\count131
\c@subsubsection=\count132
)
(/usr/local/texlive/2013/texmf-dist/tex/latex/beamer/beamerbaseframe.sty
Package: beamerbaseframe 2013/10/02  (rcs-revision cdc8e9a3aaac)
\beamer@framebox=\box40
\beamer@frametitlebox=\box41
\beamer@zoombox=\box42
\beamer@zoomcount=\count133
\beamer@zoomframecount=\count134
\beamer@frametextheight=\dimen168
\c@subsectionslide=\count135
\beamer@frametopskip=\skip45
\beamer@framebottomskip=\skip46
\beamer@frametopskipautobreak=\skip47
\beamer@framebottomskipautobreak=\skip48
\beamer@envbody=\toks27
\framewidth=\dimen169
\c@framenumber=\count136
)
(/usr/local/texlive/2013/texmf-dist/tex/latex/beamer/beamerbaseverbatim.sty
Package: beamerbaseverbatim 2012/08/30  (rcs-revision dfdb135076b3)
\beamer@verbatimfileout=\write4
)
(/usr/local/texlive/2013/texmf-dist/tex/latex/beamer/beamerbaseframesize.sty
Package: beamerbaseframesize 2011/09/12  (rcs-revision 70f9d8411e54)
\beamer@splitbox=\box43
\beamer@autobreakcount=\count137
\beamer@autobreaklastheight=\dimen170
\beamer@frametitletoks=\toks28
\beamer@framesubtitletoks=\toks29
)
(/usr/local/texlive/2013/texmf-dist/tex/latex/beamer/beamerbaseframecomponents.
sty
Package: beamerbaseframecomponents 2013/10/18  (rcs-revision 5cf6c5555a45)
\beamer@footins=\box44
) (/usr/local/texlive/2013/texmf-dist/tex/latex/beamer/beamerbasecolor.sty
Package: beamerbasecolor 2010/06/06  (rcs-revision d1a9b48be06d)
)
(/usr/local/texlive/2013/texmf-dist/tex/latex/beamer/beamerbasenotes.sty
Package: beamerbasenotes 2012/12/19  (rcs-revision 1686da3db3c9)
\beamer@frameboxcopy=\box45
)
(/usr/local/texlive/2013/texmf-dist/tex/latex/beamer/beamerbasetoc.sty
Package: beamerbasetoc 2013/05/23  (rcs-revision 0fdf5bc43be8)
)
(/usr/local/texlive/2013/texmf-dist/tex/latex/beamer/beamerbasetemplates.sty
Package: beamerbasetemplates 2010/05/01  (rcs-revision efa082c6111d)
\beamer@sbttoks=\toks30

(/usr/local/texlive/2013/texmf-dist/tex/latex/beamer/beamerbaseauxtemplates.sty
Package: beamerbaseauxtemplates 2013/09/04  (rcs-revision 4ac715c499d0)
(/usr/local/texlive/2013/texmf-dist/tex/latex/beamer/beamerbaseboxes.sty
Package: beamerbaseboxes 2012/05/13  (rcs-revision 56972908a390)
\bmb@box=\box46
\bmb@colorbox=\box47
\bmb@boxshadow=\box48
\bmb@boxshadowball=\box49
\bmb@boxshadowballlarge=\box50
\bmb@temp=\dimen171
\bmb@dima=\dimen172
\bmb@dimb=\dimen173
\bmb@prevheight=\dimen174
)
\beamer@blockheadheight=\dimen175
))
(/usr/local/texlive/2013/texmf-dist/tex/latex/beamer/beamerbaselocalstructure.s
ty
Package: beamerbaselocalstructure 2013/09/04  (rcs-revision 4ac715c499d0)
 (/usr/local/texlive/2013/texmf-dist/tex/latex/tools/enumerate.sty
Package: enumerate 1999/03/05 v3.00 enumerate extensions (DPC)
\@enLab=\toks31
)
\c@figure=\count138
\c@table=\count139
\abovecaptionskip=\skip49
\belowcaptionskip=\skip50
)
(/usr/local/texlive/2013/texmf-dist/tex/latex/beamer/beamerbasenavigation.sty
Package: beamerbasenavigation 2013/10/05  (rcs-revision 62be157fe783)
\beamer@section@min@dim=\dimen176
)
(/usr/local/texlive/2013/texmf-dist/tex/latex/beamer/beamerbasetheorems.sty
Package: beamerbasetheorems 2010/06/06  (rcs-revision 7e7cc5e53e9d)

(/usr/local/texlive/2013/texmf-dist/tex/latex/amsmath/amsmath.sty
Package: amsmath 2013/01/14 v2.14 AMS math features
\@mathmargin=\skip51

For additional information on amsmath, use the `?' option.
(/usr/local/texlive/2013/texmf-dist/tex/latex/amsmath/amstext.sty
Package: amstext 2000/06/29 v2.01

(/usr/local/texlive/2013/texmf-dist/tex/latex/amsmath/amsgen.sty
File: amsgen.sty 1999/11/30 v2.0
\@emptytoks=\toks32
\ex@=\dimen177
))
(/usr/local/texlive/2013/texmf-dist/tex/latex/amsmath/amsbsy.sty
Package: amsbsy 1999/11/29 v1.2d
\pmbraise@=\dimen178
)
(/usr/local/texlive/2013/texmf-dist/tex/latex/amsmath/amsopn.sty
Package: amsopn 1999/12/14 v2.01 operator names
)
\inf@bad=\count140
LaTeX Info: Redefining \frac on input line 210.
\uproot@=\count141
\leftroot@=\count142
LaTeX Info: Redefining \overline on input line 306.
\classnum@=\count143
\DOTSCASE@=\count144
LaTeX Info: Redefining \ldots on input line 378.
LaTeX Info: Redefining \dots on input line 381.
LaTeX Info: Redefining \cdots on input line 466.
\Mathstrutbox@=\box51
\strutbox@=\box52
\big@size=\dimen179
LaTeX Font Info:    Redeclaring font encoding OML on input line 566.
LaTeX Font Info:    Redeclaring font encoding OMS on input line 567.
\macc@depth=\count145
\c@MaxMatrixCols=\count146
\dotsspace@=\muskip11
\c@parentequation=\count147
\dspbrk@lvl=\count148
\tag@help=\toks33
\row@=\count149
\column@=\count150
\maxfields@=\count151
\andhelp@=\toks34
\eqnshift@=\dimen180
\alignsep@=\dimen181
\tagshift@=\dimen182
\tagwidth@=\dimen183
\totwidth@=\dimen184
\lineht@=\dimen185
\@envbody=\toks35
\multlinegap=\skip52
\multlinetaggap=\skip53
\mathdisplay@stack=\toks36
LaTeX Info: Redefining \[ on input line 2665.
LaTeX Info: Redefining \] on input line 2666.
)
(/usr/local/texlive/2013/texmf-dist/tex/latex/amscls/amsthm.sty
Package: amsthm 2004/08/06 v2.20
\thm@style=\toks37
\thm@bodyfont=\toks38
\thm@headfont=\toks39
\thm@notefont=\toks40
\thm@headpunct=\toks41
\thm@preskip=\skip54
\thm@postskip=\skip55
\thm@headsep=\skip56
\dth@everypar=\toks42
)
\c@theorem=\count152
)
(/usr/local/texlive/2013/texmf-dist/tex/latex/beamer/beamerbasethemes.sty
Package: beamerbasethemes 2010/05/01  (rcs-revision efa082c6111d)
))
(/usr/local/texlive/2013/texmf-dist/tex/latex/beamer/themes/theme/beamerthemede
fault.sty
Package: beamerthemedefault 2010/06/17  (rcs-revision d02a7cf4d8ae)

(/usr/local/texlive/2013/texmf-dist/tex/latex/beamer/themes/font/beamerfontthem
edefault.sty
Package: beamerfontthemedefault 2012/12/19  (rcs-revision 1686da3db3c9)
)
(/usr/local/texlive/2013/texmf-dist/tex/latex/beamer/themes/color/beamercolorth
emedefault.sty
Package: beamercolorthemedefault 2012/12/19  (rcs-revision 1686da3db3c9)
)
(/usr/local/texlive/2013/texmf-dist/tex/latex/beamer/themes/inner/beamerinnerth
emedefault.sty
Package: beamerinnerthemedefault 2013/10/15  (rcs-revision 65cb471f9634)
\beamer@dima=\dimen186
\beamer@dimb=\dimen187
)
(/usr/local/texlive/2013/texmf-dist/tex/latex/beamer/themes/outer/beamerouterth
emedefault.sty
Package: beamerouterthemedefault 2012/12/19  (rcs-revision 1686da3db3c9)
))) (./framed.sty
Package: framed 2007/10/04 v 0.95: framed or shaded text with page breaks
\fb@frw=\dimen188
\fb@frh=\dimen189
\FrameRule=\dimen190
\FrameSep=\dimen191
)
(/usr/local/texlive/2013/texmf-dist/tex/latex/base/alltt.sty
Package: alltt 1997/06/16 v2.0g defines alltt environment
)
(/usr/local/texlive/2013/texmf-dist/tex/latex/listings/listings.sty
\lst@mode=\count153
\lst@gtempboxa=\box53
\lst@token=\toks43
\lst@length=\count154
\lst@currlwidth=\dimen192
\lst@column=\count155
\lst@pos=\count156
\lst@lostspace=\dimen193
\lst@width=\dimen194
\lst@newlines=\count157
\lst@lineno=\count158
\lst@maxwidth=\dimen195

(/usr/local/texlive/2013/texmf-dist/tex/latex/listings/lstmisc.sty
File: lstmisc.sty 2014/03/04 1.5c (Carsten Heinz)
\c@lstnumber=\count159
\lst@skipnumbers=\count160
\lst@framebox=\box54
)
(/usr/local/texlive/2013/texmf-dist/tex/latex/listings/listings.cfg
File: listings.cfg 2014/03/04 1.5c listings configuration
))
Package: listings 2014/03/04 1.5c (Carsten Heinz)

(/usr/local/texlive/2013/texmf-dist/tex/latex/inconsolata/inconsolata.sty
Package: inconsolata 2013/06/09 zi4a

(/usr/local/texlive/2013/texmf-dist/tex/latex/base/textcomp.sty
Package: textcomp 2005/09/27 v1.99g Standard LaTeX package
Package textcomp Info: Sub-encoding information:
(textcomp)               5 = only ISO-Adobe without \textcurrency
(textcomp)               4 = 5 + \texteuro
(textcomp)               3 = 4 + \textohm
(textcomp)               2 = 3 + \textestimated + \textcurrency
(textcomp)               1 = TS1 - \textcircled - \t
(textcomp)               0 = TS1 (full)
(textcomp)             Font families with sub-encoding setting implement
(textcomp)             only a restricted character set as indicated.
(textcomp)             Family '?' is the default used for unknown fonts.
(textcomp)             See the documentation for details.
Package textcomp Info: Setting ? sub-encoding to TS1/1 on input line 71.

(/usr/local/texlive/2013/texmf-dist/tex/latex/base/ts1enc.def
File: ts1enc.def 2001/06/05 v3.0e (jk/car/fm) Standard LaTeX file
)
LaTeX Info: Redefining \oldstylenums on input line 266.
Package textcomp Info: Setting cmr sub-encoding to TS1/0 on input line 281.
Package textcomp Info: Setting cmss sub-encoding to TS1/0 on input line 282.
Package textcomp Info: Setting cmtt sub-encoding to TS1/0 on input line 283.
Package textcomp Info: Setting cmvtt sub-encoding to TS1/0 on input line 284.
Package textcomp Info: Setting cmbr sub-encoding to TS1/0 on input line 285.
Package textcomp Info: Setting cmtl sub-encoding to TS1/0 on input line 286.
Package textcomp Info: Setting ccr sub-encoding to TS1/0 on input line 287.
Package textcomp Info: Setting ptm sub-encoding to TS1/4 on input line 288.
Package textcomp Info: Setting pcr sub-encoding to TS1/4 on input line 289.
Package textcomp Info: Setting phv sub-encoding to TS1/4 on input line 290.
Package textcomp Info: Setting ppl sub-encoding to TS1/3 on input line 291.
Package textcomp Info: Setting pag sub-encoding to TS1/4 on input line 292.
Package textcomp Info: Setting pbk sub-encoding to TS1/4 on input line 293.
Package textcomp Info: Setting pnc sub-encoding to TS1/4 on input line 294.
Package textcomp Info: Setting pzc sub-encoding to TS1/4 on input line 295.
Package textcomp Info: Setting bch sub-encoding to TS1/4 on input line 296.
Package textcomp Info: Setting put sub-encoding to TS1/5 on input line 297.
Package textcomp Info: Setting uag sub-encoding to TS1/5 on input line 298.
Package textcomp Info: Setting ugq sub-encoding to TS1/5 on input line 299.
Package textcomp Info: Setting ul8 sub-encoding to TS1/4 on input line 300.
Package textcomp Info: Setting ul9 sub-encoding to TS1/4 on input line 301.
Package textcomp Info: Setting augie sub-encoding to TS1/5 on input line 302.
Package textcomp Info: Setting dayrom sub-encoding to TS1/3 on input line 303.
Package textcomp Info: Setting dayroms sub-encoding to TS1/3 on input line 304.

Package textcomp Info: Setting pxr sub-encoding to TS1/0 on input line 305.
Package textcomp Info: Setting pxss sub-encoding to TS1/0 on input line 306.
Package textcomp Info: Setting pxtt sub-encoding to TS1/0 on input line 307.
Package textcomp Info: Setting txr sub-encoding to TS1/0 on input line 308.
Package textcomp Info: Setting txss sub-encoding to TS1/0 on input line 309.
Package textcomp Info: Setting txtt sub-encoding to TS1/0 on input line 310.
Package textcomp Info: Setting lmr sub-encoding to TS1/0 on input line 311.
Package textcomp Info: Setting lmdh sub-encoding to TS1/0 on input line 312.
Package textcomp Info: Setting lmss sub-encoding to TS1/0 on input line 313.
Package textcomp Info: Setting lmssq sub-encoding to TS1/0 on input line 314.
Package textcomp Info: Setting lmvtt sub-encoding to TS1/0 on input line 315.
Package textcomp Info: Setting qhv sub-encoding to TS1/0 on input line 316.
Package textcomp Info: Setting qag sub-encoding to TS1/0 on input line 317.
Package textcomp Info: Setting qbk sub-encoding to TS1/0 on input line 318.
Package textcomp Info: Setting qcr sub-encoding to TS1/0 on input line 319.
Package textcomp Info: Setting qcs sub-encoding to TS1/0 on input line 320.
Package textcomp Info: Setting qpl sub-encoding to TS1/0 on input line 321.
Package textcomp Info: Setting qtm sub-encoding to TS1/0 on input line 322.
Package textcomp Info: Setting qzc sub-encoding to TS1/0 on input line 323.
Package textcomp Info: Setting qhvc sub-encoding to TS1/0 on input line 324.
Package textcomp Info: Setting futs sub-encoding to TS1/4 on input line 325.
Package textcomp Info: Setting futx sub-encoding to TS1/4 on input line 326.
Package textcomp Info: Setting futj sub-encoding to TS1/4 on input line 327.
Package textcomp Info: Setting hlh sub-encoding to TS1/3 on input line 328.
Package textcomp Info: Setting hls sub-encoding to TS1/3 on input line 329.
Package textcomp Info: Setting hlst sub-encoding to TS1/3 on input line 330.
Package textcomp Info: Setting hlct sub-encoding to TS1/5 on input line 331.
Package textcomp Info: Setting hlx sub-encoding to TS1/5 on input line 332.
Package textcomp Info: Setting hlce sub-encoding to TS1/5 on input line 333.
Package textcomp Info: Setting hlcn sub-encoding to TS1/5 on input line 334.
Package textcomp Info: Setting hlcw sub-encoding to TS1/5 on input line 335.
Package textcomp Info: Setting hlcf sub-encoding to TS1/5 on input line 336.
Package textcomp Info: Setting pplx sub-encoding to TS1/3 on input line 337.
Package textcomp Info: Setting pplj sub-encoding to TS1/3 on input line 338.
Package textcomp Info: Setting ptmx sub-encoding to TS1/4 on input line 339.
Package textcomp Info: Setting ptmj sub-encoding to TS1/4 on input line 340.
)
\zifour@ocount=\count161
)
(/usr/local/texlive/2013/texmf-dist/tex/latex/upquote/upquote.sty
Package: upquote 2012/04/19 v1.3 upright-quote and grave-accent glyphs in verba
tim
)
(./ggplot.aux)
\openout1 = `ggplot.aux'.

LaTeX Font Info:    Checking defaults for OML/cmm/m/it on input line 87.
LaTeX Font Info:    ... okay on input line 87.
LaTeX Font Info:    Checking defaults for T1/cmr/m/n on input line 87.
LaTeX Font Info:    ... okay on input line 87.
LaTeX Font Info:    Checking defaults for OT1/cmr/m/n on input line 87.
LaTeX Font Info:    ... okay on input line 87.
LaTeX Font Info:    Checking defaults for OMS/cmsy/m/n on input line 87.
LaTeX Font Info:    ... okay on input line 87.
LaTeX Font Info:    Checking defaults for OMX/cmex/m/n on input line 87.
LaTeX Font Info:    ... okay on input line 87.
LaTeX Font Info:    Checking defaults for U/cmr/m/n on input line 87.
LaTeX Font Info:    ... okay on input line 87.
LaTeX Font Info:    Checking defaults for PD1/pdf/m/n on input line 87.
LaTeX Font Info:    ... okay on input line 87.
LaTeX Font Info:    Checking defaults for TS1/cmr/m/n on input line 87.
LaTeX Font Info:    Try loading font information for TS1+cmr on input line 87.
 (/usr/local/texlive/2013/texmf-dist/tex/latex/base/ts1cmr.fd
File: ts1cmr.fd 1999/05/25 v2.5h Standard LaTeX font definitions
)
LaTeX Font Info:    ... okay on input line 87.

*geometry* driver: auto-detecting
*geometry* detected driver: pdftex
*geometry* verbose mode - [ preamble ] result:
* driver: pdftex
* paper: custom
* layout: <same size as paper>
* layoutoffset:(h,v)=(0.0pt,0.0pt)
* modes: includehead includefoot 
* h-part:(L,W,R)=(28.45274pt, 307.28987pt, 28.45274pt)
* v-part:(T,H,B)=(0.0pt, 273.14662pt, 0.0pt)
* \paperwidth=364.19536pt
* \paperheight=273.14662pt
* \textwidth=307.28987pt
* \textheight=244.6939pt
* \oddsidemargin=-43.81725pt
* \evensidemargin=-43.81725pt
* \topmargin=-72.26999pt
* \headheight=14.22636pt
* \headsep=0.0pt
* \topskip=11.0pt
* \footskip=14.22636pt
* \marginparwidth=4.0pt
* \marginparsep=10.0pt
* \columnsep=10.0pt
* \skip\footins=10.0pt plus 4.0pt minus 2.0pt
* \hoffset=0.0pt
* \voffset=0.0pt
* \mag=1000
* \@twocolumnfalse
* \@twosidefalse
* \@mparswitchfalse
* \@reversemarginfalse
* (1in=72.27pt=25.4mm, 1cm=28.453pt)

(/usr/local/texlive/2013/texmf-dist/tex/context/base/supp-pdf.mkii
[Loading MPS to PDF converter (version 2006.09.02).]
\scratchcounter=\count162
\scratchdimen=\dimen196
\scratchbox=\box55
\nofMPsegments=\count163
\nofMParguments=\count164
\everyMPshowfont=\toks44
\MPscratchCnt=\count165
\MPscratchDim=\dimen197
\MPnumerator=\count166
\makeMPintoPDFobject=\count167
\everyMPtoPDFconversion=\toks45
) (/usr/local/texlive/2013/texmf-dist/tex/latex/oberdiek/epstopdf-base.sty
Package: epstopdf-base 2010/02/09 v2.5 Base part for package epstopdf

(/usr/local/texlive/2013/texmf-dist/tex/latex/oberdiek/grfext.sty
Package: grfext 2010/08/19 v1.1 Manage graphics extensions (HO)
)
Package grfext Info: Graphics extension search list:
(grfext)             [.png,.pdf,.jpg,.mps,.jpeg,.jbig2,.jb2,.PNG,.PDF,.JPG,.JPE
G,.JBIG2,.JB2,.eps]
(grfext)             \AppendGraphicsExtensions on input line 452.

(/usr/local/texlive/2013/texmf-dist/tex/latex/latexconfig/epstopdf-sys.cfg
File: epstopdf-sys.cfg 2010/07/13 v1.3 Configuration of (r)epstopdf for TeX Liv
e
))
ABD: EveryShipout initializing macros
\AtBeginShipoutBox=\box56
Package hyperref Info: Link coloring OFF on input line 87.

(/usr/local/texlive/2013/texmf-dist/tex/latex/hyperref/nameref.sty
Package: nameref 2012/10/27 v2.43 Cross-referencing by name of section

(/usr/local/texlive/2013/texmf-dist/tex/generic/oberdiek/gettitlestring.sty
Package: gettitlestring 2010/12/03 v1.4 Cleanup title references (HO)
)
\c@section@level=\count168
)
LaTeX Info: Redefining \ref on input line 87.
LaTeX Info: Redefining \pageref on input line 87.
LaTeX Info: Redefining \nameref on input line 87.

(./ggplot.out) (./ggplot.out)
\@outlinefile=\write5
\openout5 = `ggplot.out'.

LaTeX Font Info:    Overwriting symbol font `operators' in version `normal'
(Font)                  OT1/cmr/m/n --> OT1/cmss/m/n on input line 87.
LaTeX Font Info:    Overwriting symbol font `operators' in version `bold'
(Font)                  OT1/cmr/bx/n --> OT1/cmss/bx/n on input line 87.
\symnumbers=\mathgroup6
\sympureletters=\mathgroup7
LaTeX Font Info:    Overwriting math alphabet `\mathrm' in version `normal'
(Font)                  OT1/cmss/m/n --> OT1/cmr/m/n on input line 87.
LaTeX Font Info:    Redeclaring math alphabet \mathbf on input line 87.
LaTeX Font Info:    Overwriting math alphabet `\mathbf' in version `normal'
(Font)                  OT1/cmr/bx/n --> OT1/cmss/bx/n on input line 87.
LaTeX Font Info:    Overwriting math alphabet `\mathbf' in version `bold'
(Font)                  OT1/cmr/bx/n --> OT1/cmss/bx/n on input line 87.
LaTeX Font Info:    Redeclaring math alphabet \mathsf on input line 87.
LaTeX Font Info:    Overwriting math alphabet `\mathsf' in version `normal'
(Font)                  OT1/cmss/m/n --> OT1/cmss/m/n on input line 87.
LaTeX Font Info:    Overwriting math alphabet `\mathsf' in version `bold'
(Font)                  OT1/cmss/bx/n --> OT1/cmss/m/n on input line 87.
LaTeX Font Info:    Redeclaring math alphabet \mathit on input line 87.
LaTeX Font Info:    Overwriting math alphabet `\mathit' in version `normal'
(Font)                  OT1/cmr/m/it --> OT1/cmss/m/it on input line 87.
LaTeX Font Info:    Overwriting math alphabet `\mathit' in version `bold'
(Font)                  OT1/cmr/bx/it --> OT1/cmss/m/it on input line 87.
LaTeX Font Info:    Redeclaring math alphabet \mathtt on input line 87.
LaTeX Font Info:    Overwriting math alphabet `\mathtt' in version `normal'
(Font)                  OT1/cmtt/m/n --> OT1/zi4/m/n on input line 87.
LaTeX Font Info:    Overwriting math alphabet `\mathtt' in version `bold'
(Font)                  OT1/cmtt/m/n --> OT1/zi4/m/n on input line 87.
LaTeX Font Info:    Overwriting symbol font `numbers' in version `bold'
(Font)                  OT1/cmss/m/n --> OT1/cmss/bx/n on input line 87.
LaTeX Font Info:    Overwriting symbol font `pureletters' in version `bold'
(Font)                  OT1/cmss/m/it --> OT1/cmss/bx/it on input line 87.
LaTeX Font Info:    Overwriting math alphabet `\mathrm' in version `bold'
(Font)                  OT1/cmss/bx/n --> OT1/cmr/bx/n on input line 87.
LaTeX Font Info:    Overwriting math alphabet `\mathbf' in version `bold'
(Font)                  OT1/cmss/bx/n --> OT1/cmss/bx/n on input line 87.
LaTeX Font Info:    Overwriting math alphabet `\mathsf' in version `bold'
(Font)                  OT1/cmss/m/n --> OT1/cmss/bx/n on input line 87.
LaTeX Font Info:    Overwriting math alphabet `\mathit' in version `bold'
(Font)                  OT1/cmss/m/it --> OT1/cmss/bx/it on input line 87.
LaTeX Font Info:    Overwriting math alphabet `\mathtt' in version `bold'
(Font)                  OT1/zi4/m/n --> OT1/zi4/bx/n on input line 87.
LaTeX Font Info:    Redeclaring symbol font `pureletters' on input line 87.
LaTeX Font Info:    Overwriting symbol font `pureletters' in version `normal'
(Font)                  OT1/cmss/m/it --> OT1/mathkerncmss/m/sl on input line 8
7.
LaTeX Font Info:    Overwriting symbol font `pureletters' in version `bold'
(Font)                  OT1/cmss/bx/it --> OT1/mathkerncmss/m/sl on input line 
87.
LaTeX Font Info:    Overwriting symbol font `pureletters' in version `bold'
(Font)                  OT1/mathkerncmss/m/sl --> OT1/mathkerncmss/bx/sl on inp
ut line 87.

(/usr/local/texlive/2013/texmf-dist/tex/latex/beamer/translator/dicts/translato
r-basic-dictionary/translator-basic-dictionary-English.dict
Dictionary: translator-basic-dictionary, Language: English 
)
(/usr/local/texlive/2013/texmf-dist/tex/latex/beamer/translator/dicts/translato
r-bibliography-dictionary/translator-bibliography-dictionary-English.dict
Dictionary: translator-bibliography-dictionary, Language: English 
)
(/usr/local/texlive/2013/texmf-dist/tex/latex/beamer/translator/dicts/translato
r-environment-dictionary/translator-environment-dictionary-English.dict
Dictionary: translator-environment-dictionary, Language: English 
)
(/usr/local/texlive/2013/texmf-dist/tex/latex/beamer/translator/dicts/translato
r-months-dictionary/translator-months-dictionary-English.dict
Dictionary: translator-months-dictionary, Language: English 
)
(/usr/local/texlive/2013/texmf-dist/tex/latex/beamer/translator/dicts/translato
r-numbers-dictionary/translator-numbers-dictionary-English.dict
Dictionary: translator-numbers-dictionary, Language: English 
)
(/usr/local/texlive/2013/texmf-dist/tex/latex/beamer/translator/dicts/translato
r-theorem-dictionary/translator-theorem-dictionary-English.dict
Dictionary: translator-theorem-dictionary, Language: English 
)
LaTeX Info: Redefining \includegraphics on input line 87.
\c@lstlisting=\count169
 (./ggplot.nav)

Package hyperref Warning: Option `pdfauthor' has already been used,
(hyperref)                setting the option has no effect on input line 91.


LaTeX Font Warning: Font shape `OT1/cmss/m/n' in size <4> not available
(Font)              size <5> substituted on input line 93.

[1

{/usr/local/texlive/2013/texmf-var/fonts/map/pdftex/updmap/pdftex.map}]
\openout4 = `ggplot.vrb'.


(./ggplot.vrb
LaTeX Font Info:    Try loading font information for OT1+zi4 on input line 5.

(/usr/local/texlive/2013/texmf-dist/tex/latex/inconsolata/ot1zi4.fd
File: ot1zi4.fd 2013/06/09 OT1/zi4 (Inconsolata)
)
LaTeX Font Info:    Font shape `OT1/zi4/bx/n' in size <9> not available
(Font)              Font shape `OT1/zi4/b/n' tried instead on input line 6.
) [2

]
[3

]
\openout4 = `ggplot.vrb'.

 (./ggplot.vrb
LaTeX Font Info:    Try loading font information for U+msa on input line 3.

(/usr/local/texlive/2013/texmf-dist/tex/latex/amsfonts/umsa.fd
File: umsa.fd 2013/01/14 v3.01 AMS symbols A
)
LaTeX Font Info:    Try loading font information for U+msb on input line 3.

(/usr/local/texlive/2013/texmf-dist/tex/latex/amsfonts/umsb.fd
File: umsb.fd 2013/01/14 v3.01 AMS symbols B
)
LaTeX Font Info:    Try loading font information for OT1+mathkerncmss on input 
line 3.

(/usr/local/texlive/2013/texmf-dist/tex/latex/sansmathaccent/ot1mathkerncmss.fd
File: ot1mathkerncmss.fd 2013/03/27 Fontinst v1.933 font definitions for OT1/ma
thkerncmss.
)) [4

]
\openout4 = `ggplot.vrb'.

 (./ggplot.vrb) [5

]
\openout4 = `ggplot.vrb'.

 (./ggplot.vrb) [6

] [7

]
\openout4 = `ggplot.vrb'.

 (./ggplot.vrb) [8

]
\openout4 = `ggplot.vrb'.


(./ggplot.vrb) [9

]
\openout4 = `ggplot.vrb'.

 (./ggplot.vrb) [10

]
\openout4 = `ggplot.vrb'.

 (./ggplot.vrb) [11

] [12

]
\openout4 = `ggplot.vrb'.

 (./ggplot.vrb)
[13

]
\openout4 = `ggplot.vrb'.

 (./ggplot.vrb) [14

]
\openout4 = `ggplot.vrb'.

 (./ggplot.vrb) [15

]
\openout4 = `ggplot.vrb'.

 (./ggplot.vrb
<figure/first_plot_.pdf, id=413, 433.62pt x 289.08pt>
File: figure/first_plot_.pdf Graphic file (type pdf)

<use figure/first_plot_.pdf>
Package pdftex.def Info: figure/first_plot_.pdf used on input line 10.
(pdftex.def)             Requested size: 230.46739pt x 153.64394pt.
) [16

 <./figure/first_plot_.pdf>]
\openout4 = `ggplot.vrb'.

 (./ggplot.vrb
<figure/first_plot_size_.pdf, id=444, 433.62pt x 289.08pt>
File: figure/first_plot_size_.pdf Graphic file (type pdf)

<use figure/first_plot_size_.pdf>
Package pdftex.def Info: figure/first_plot_size_.pdf used on input line 10.
(pdftex.def)             Requested size: 230.46739pt x 153.64394pt.
) [17

 <./figure/first_plot_size_.pdf>]
\openout4 = `ggplot.vrb'.


(./ggplot.vrb <figure/first_plot_color_.pdf, id=476, 433.62pt x 289.08pt>
File: figure/first_plot_color_.pdf Graphic file (type pdf)

<use figure/first_plot_color_.pdf>
Package pdftex.def Info: figure/first_plot_color_.pdf used on input line 10.
(pdftex.def)             Requested size: 230.46739pt x 153.64394pt.
) [18

 <./figure/first_plot_color_.pdf>]
\openout4 = `ggplot.vrb'.


(./ggplot.vrb

LaTeX Font Warning: Font shape `OT1/zi4/m/it' undefined
(Font)              using `OT1/zi4/m/n' instead on input line 7.

<figure/first_plot_shape_.pdf, id=511, 433.62pt x 252.945pt>
File: figure/first_plot_shape_.pdf Graphic file (type pdf)

<use figure/first_plot_shape_.pdf>
Package pdftex.def Info: figure/first_plot_shape_.pdf used on input line 11.
(pdftex.def)             Requested size: 230.46739pt x 134.43845pt.
) [19

 <./figure/first_plot_shape_.pdf>]
\openout4 = `ggplot.vrb'.


(./ggplot.vrb <figure/ex1.pdf, id=545, 505.89pt x 289.08pt>
File: figure/ex1.pdf Graphic file (type pdf)

<use figure/ex1.pdf>
Package pdftex.def Info: figure/ex1.pdf used on input line 15.
(pdftex.def)             Requested size: 230.46739pt x 131.69922pt.
) [20

 <./figure/ex1.pdf>] [21

]
\openout4 = `ggplot.vrb'.

 (./ggplot.vrb) [22

]
\openout4 = `ggplot.vrb'.


(./ggplot.vrb <figure/boxplots1_.pdf, id=631, 433.62pt x 289.08pt>
File: figure/boxplots1_.pdf Graphic file (type pdf)

<use figure/boxplots1_.pdf>
Package pdftex.def Info: figure/boxplots1_.pdf used on input line 11.
(pdftex.def)             Requested size: 230.46739pt x 153.64394pt.
) [23

 <./figure/boxplots1_.pdf>]
\openout4 = `ggplot.vrb'.

 (./ggplot.vrb
Overfull \hbox (251.61024pt too wide) in paragraph at lines 17--17
[]\OT1/zi4/m/it/9 ## geom_boxplot: outlier.colour = black, outlier.shape = 16, 
outlier.size = 2, notch = FALSE, notchwidth = 0.5, varwidth = FALSE[] 
 []

) [24

] [25

]
\openout4 = `ggplot.vrb'.

 (./ggplot.vrb) [26

]
\openout4 = `ggplot.vrb'.

 (./ggplot.vrb
<figure/facetgrid1.pdf, id=740, 289.08pt x 216.81pt>
File: figure/facetgrid1.pdf Graphic file (type pdf)

<use figure/facetgrid1.pdf>
Package pdftex.def Info: figure/facetgrid1.pdf used on input line 11.
(pdftex.def)             Requested size: 230.46739pt x 172.84943pt.
) [27

 <./figure/facetgrid1.pdf>]
\openout4 = `ggplot.vrb'.

 (./ggplot.vrb
<figure/facet_grid2.pdf, id=775, 289.08pt x 216.81pt>
File: figure/facet_grid2.pdf Graphic file (type pdf)

<use figure/facet_grid2.pdf>
Package pdftex.def Info: figure/facet_grid2.pdf used on input line 11.
(pdftex.def)             Requested size: 230.46739pt x 172.84943pt.
) [28

 <./figure/facet_grid2.pdf>]
\openout4 = `ggplot.vrb'.

 (./ggplot.vrb
<figure/facet_wrap.pdf, id=809, 289.08pt x 216.81pt>
File: figure/facet_wrap.pdf Graphic file (type pdf)

<use figure/facet_wrap.pdf>
Package pdftex.def Info: figure/facet_wrap.pdf used on input line 11.
(pdftex.def)             Requested size: 230.46739pt x 172.84943pt.
) [29

 <./figure/facet_wrap.pdf>] [30

]
\openout4 = `ggplot.vrb'.

 (./ggplot.vrb) [31

]
\openout4 = `ggplot.vrb'.

 (./ggplot.vrb) [32

]
\openout4 = `ggplot.vrb'.

 (./ggplot.vrb
<images/color_palette.png, id=921, 677.53125pt x 546.04pt>
File: images/color_palette.png Graphic file (type png)

<use images/color_palette.png>
Package pdftex.def Info: images/color_palette.png used on input line 11.
(pdftex.def)             Requested size: 169.38239pt x 136.50966pt.
) [33

 <./images/color_palette.png>]
\openout4 = `ggplot.vrb'.

 (./ggplot.vrb <figure/barcolors.pdf, id=947, 433.62pt x 289.08pt>
File: figure/barcolors.pdf Graphic file (type pdf)

<use figure/barcolors.pdf>
Package pdftex.def Info: figure/barcolors.pdf used on input line 12.
(pdftex.def)             Requested size: 230.46739pt x 153.64394pt.
) [34

 <./figure/barcolors.pdf>]
\openout4 = `ggplot.vrb'.

 (./ggplot.vrb
<figure/facetgridcolors.pdf, id=978, 289.08pt x 216.81pt>
File: figure/facetgridcolors.pdf Graphic file (type pdf)

<use figure/facetgridcolors.pdf>
Package pdftex.def Info: figure/facetgridcolors.pdf used on input line 12.
(pdftex.def)             Requested size: 230.46739pt x 172.84943pt.
)
Overfull \vbox (1.41666pt too high) detected at line 721
 []

[35

 <./figure/facetgridcolors.pdf>]
\openout4 = `ggplot.vrb'.

 (./ggplot.vrb
<images/color_schemes.png, id=1012, 913.4125pt x 439.6425pt>
File: images/color_schemes.png Graphic file (type png)

<use images/color_schemes.png>
Package pdftex.def Info: images/color_schemes.png used on input line 6.
(pdftex.def)             Requested size: 228.35257pt x 109.91035pt.
) [36

 <./images/color_schemes.png>]
\openout4 = `ggplot.vrb'.

 (./ggplot.vrb <figure/boxplots3.pdf, id=1042, 433.62pt x 289.08pt>
File: figure/boxplots3.pdf Graphic file (type pdf)

<use figure/boxplots3.pdf>
Package pdftex.def Info: figure/boxplots3.pdf used on input line 13.
(pdftex.def)             Requested size: 230.46739pt x 153.64394pt.
) [37

 <./figure/boxplots3.pdf>]
\openout4 = `ggplot.vrb'.

 (./ggplot.vrb)
[38

] [39

]
\openout4 = `ggplot.vrb'.

 (./ggplot.vrb) [40

] [41

] [42

]
\openout4 = `ggplot.vrb'.

 (./ggplot.vrb
<figure/histogr.pdf, id=1207, 433.62pt x 289.08pt>
File: figure/histogr.pdf Graphic file (type pdf)
 <use figure/histogr.pdf>
Package pdftex.def Info: figure/histogr.pdf used on input line 10.
(pdftex.def)             Requested size: 230.46739pt x 153.64394pt.
)
[43

 <./figure/histogr.pdf>]
\openout4 = `ggplot.vrb'.

 (./ggplot.vrb
<figure/histogra.pdf, id=1239, 433.62pt x 289.08pt>
File: figure/histogra.pdf Graphic file (type pdf)
 <use figure/histogra.pdf>
Package pdftex.def Info: figure/histogra.pdf used on input line 10.
(pdftex.def)             Requested size: 230.46739pt x 153.64394pt.
)
[44

 <./figure/histogra.pdf>] [45

]
\openout4 = `ggplot.vrb'.

 (./ggplot.vrb
<figure/linea_.pdf, id=1297, 433.62pt x 289.08pt>
File: figure/linea_.pdf Graphic file (type pdf)
 <use figure/linea_.pdf>
Package pdftex.def Info: figure/linea_.pdf used on input line 17.
(pdftex.def)             Requested size: 230.46739pt x 153.64394pt.
LaTeX Font Info:    Try loading font information for TS1+zi4 on input line 30.

(/usr/local/texlive/2013/texmf-dist/tex/latex/inconsolata/ts1zi4.fd
File: ts1zi4.fd 2013/06/07 Fontinst v1.933 font definitions for TS1/zi4.
))
Overfull \vbox (8.76129pt too high) detected at line 908
 []

[46

 <./figure/linea_.pdf>]
\openout4 = `ggplot.vrb'.

 (./ggplot.vrb
<figure/lineb.pdf, id=1329, 433.62pt x 289.08pt>
File: figure/lineb.pdf Graphic file (type pdf)
 <use figure/lineb.pdf>
Package pdftex.def Info: figure/lineb.pdf used on input line 13.
(pdftex.def)             Requested size: 230.46739pt x 153.64394pt.
)
[47

 <./figure/lineb.pdf>]
\openout4 = `ggplot.vrb'.

 (./ggplot.vrb
<figure/ex2.pdf, id=1363, 433.62pt x 289.08pt>
File: figure/ex2.pdf Graphic file (type pdf)
 <use figure/ex2.pdf>
Package pdftex.def Info: figure/ex2.pdf used on input line 7.
(pdftex.def)             Requested size: 214.04236pt x 142.69583pt.
) [48

 <./figure/ex2.pdf>] [49

]
\openout4 = `ggplot.vrb'.

 (./ggplot.vrb
<figure/barone.pdf, id=1423, 433.62pt x 289.08pt>
File: figure/barone.pdf Graphic file (type pdf)
 <use figure/barone.pdf>
Package pdftex.def Info: figure/barone.pdf used on input line 9.
(pdftex.def)             Requested size: 230.46739pt x 153.64394pt.
)
[50

 <./figure/barone.pdf>]
\openout4 = `ggplot.vrb'.

 (./ggplot.vrb
<figure/bartwo.pdf, id=1454, 433.62pt x 289.08pt>
File: figure/bartwo.pdf Graphic file (type pdf)
 <use figure/bartwo.pdf>
Package pdftex.def Info: figure/bartwo.pdf used on input line 10.
(pdftex.def)             Requested size: 230.46739pt x 153.64394pt.
)
[51

 <./figure/bartwo.pdf>]
\openout4 = `ggplot.vrb'.

 (./ggplot.vrb
<figure/barthree.pdf, id=1488, 433.62pt x 289.08pt>
File: figure/barthree.pdf Graphic file (type pdf)
 <use figure/barthree.pdf>
Package pdftex.def Info: figure/barthree.pdf used on input line 9.
(pdftex.def)             Requested size: 230.46739pt x 153.64394pt.
)
[52

 <./figure/barthree.pdf>]
\openout4 = `ggplot.vrb'.

 (./ggplot.vrb
<figure/barthree2.pdf, id=1520, 433.62pt x 289.08pt>
File: figure/barthree2.pdf Graphic file (type pdf)

<use figure/barthree2.pdf>
Package pdftex.def Info: figure/barthree2.pdf used on input line 9.
(pdftex.def)             Requested size: 230.46739pt x 153.64394pt.
) [53

 <./figure/barthree2.pdf>]
\openout4 = `ggplot.vrb'.

 (./ggplot.vrb
<figure/ex3.pdf, id=1552, 433.62pt x 289.08pt>
File: figure/ex3.pdf Graphic file (type pdf)
 <use figure/ex3.pdf>
Package pdftex.def Info: figure/ex3.pdf used on input line 6.
(pdftex.def)             Requested size: 230.46739pt x 153.64394pt.
) [54

 <./figure/ex3.pdf>]
\openout4 = `ggplot.vrb'.

 (./ggplot.vrb <figure/ex4.pdf, id=1583, 433.62pt x 289.08pt>
File: figure/ex4.pdf Graphic file (type pdf)

<use figure/ex4.pdf>
Package pdftex.def Info: figure/ex4.pdf used on input line 8.
(pdftex.def)             Requested size: 214.04236pt x 142.69583pt.
) [55

 <./figure/ex4.pdf>] [56

]
\openout4 = `ggplot.vrb'.

 (./ggplot.vrb
<figure/densityone_.pdf, id=1645, 433.62pt x 289.08pt>
File: figure/densityone_.pdf Graphic file (type pdf)

<use figure/densityone_.pdf>
Package pdftex.def Info: figure/densityone_.pdf used on input line 9.
(pdftex.def)             Requested size: 230.46739pt x 153.64394pt.
) [57

 <./figure/densityone_.pdf>]
\openout4 = `ggplot.vrb'.

 (./ggplot.vrb
<figure/densityonefove_.pdf, id=1677, 433.62pt x 289.08pt>
File: figure/densityonefove_.pdf Graphic file (type pdf)

<use figure/densityonefove_.pdf>
Package pdftex.def Info: figure/densityonefove_.pdf used on input line 10.
(pdftex.def)             Requested size: 230.46739pt x 153.64394pt.
) [58

 <./figure/densityonefove_.pdf>]
\openout4 = `ggplot.vrb'.


(./ggplot.vrb <figure/densitytwo___.pdf, id=1711, 433.62pt x 289.08pt>
File: figure/densitytwo___.pdf Graphic file (type pdf)

<use figure/densitytwo___.pdf>
Package pdftex.def Info: figure/densitytwo___.pdf used on input line 9.
(pdftex.def)             Requested size: 230.46739pt x 153.64394pt.
) [59

 <./figure/densitytwo___.pdf>] [60

]
\openout4 = `ggplot.vrb'.


(./ggplot.vrb <figure/adding_stats_.pdf, id=1769, 361.35pt x 289.08pt>
File: figure/adding_stats_.pdf Graphic file (type pdf)

<use figure/adding_stats_.pdf>
Package pdftex.def Info: figure/adding_stats_.pdf used on input line 10.
(pdftex.def)             Requested size: 230.46739pt x 184.37538pt.
) [61

 <./figure/adding_stats_.pdf>]
\openout4 = `ggplot.vrb'.

 (./ggplot.vrb <figure/adding_stats2_.pdf, id=1805, 505.89pt x 289.08pt>
File: figure/adding_stats2_.pdf Graphic file (type pdf)

<use figure/adding_stats2_.pdf>
Package pdftex.def Info: figure/adding_stats2_.pdf used on input line 11.
(pdftex.def)             Requested size: 230.46739pt x 131.69922pt.
) [62

 <./figure/adding_stats2_.pdf>] [63

]
\openout4 = `ggplot.vrb'.


(./ggplot.vrb) [64

]
\openout4 = `ggplot.vrb'.

 (./ggplot.vrb) [65

]
\openout4 = `ggplot.vrb'.

 (./ggplot.vrb
<figure/facet_wrap_theme_execc.pdf, id=1919, 289.08pt x 216.81pt>
File: figure/facet_wrap_theme_execc.pdf Graphic file (type pdf)

<use figure/facet_wrap_theme_execc.pdf>
Package pdftex.def Info: figure/facet_wrap_theme_execc.pdf used on input line 4
.
(pdftex.def)             Requested size: 230.46739pt x 172.84943pt.
) [66

 <./figure/facet_wrap_theme_execc.pdf>]
\openout4 = `ggplot.vrb'.

 (./ggplot.vrb) [67

] [68

]
\openout4 = `ggplot.vrb'.

 (./ggplot.vrb
LaTeX Font Info:    Try loading font information for OMS+zi4 on input line 5.
LaTeX Font Info:    No file OMSzi4.fd. on input line 5.


LaTeX Font Warning: Font shape `OMS/zi4/m/n' undefined
(Font)              using `OMS/cmsy/m/n' instead
(Font)              for symbol `textbraceleft' on input line 5.

) [69

] [70

]
\openout4 = `ggplot.vrb'.

 (./ggplot.vrb) [71

]
\openout4 = `ggplot.vrb'.

 (./ggplot.vrb
<images/chang_book.png, id=2087, 583.17876pt x 724.7075pt>
File: images/chang_book.png Graphic file (type png)

<use images/chang_book.png>
Package pdftex.def Info: images/chang_book.png used on input line 9.
(pdftex.def)             Requested size: 87.47304pt x 108.70143pt.

<images/hadley.png, id=2088, 603.25375pt x 682.55pt>
File: images/hadley.png Graphic file (type png)
 <use images/hadley.png>
Package pdftex.def Info: images/hadley.png used on input line 10.
(pdftex.def)             Requested size: 90.48415pt x 102.37808pt.
)
[72

 <./images/chang_book.png> <./images/hadley.png>]
\tf@nav=\write6
\openout6 = `ggplot.nav'.

\tf@toc=\write7
\openout7 = `ggplot.toc'.

\tf@snm=\write8
\openout8 = `ggplot.snm'.

Package atveryend Info: Empty hook `BeforeClearDocument' on input line 1378.
Package atveryend Info: Empty hook `AfterLastShipout' on input line 1378.
 (./ggplot.aux)
Package atveryend Info: Executing hook `AtVeryEndDocument' on input line 1378.
Package atveryend Info: Executing hook `AtEndAfterFileList' on input line 1378.

Package rerunfilecheck Info: File `ggplot.out' has not changed.
(rerunfilecheck)             Checksum: D41D8CD98F00B204E9800998ECF8427E;0.


LaTeX Font Warning: Size substitutions with differences
(Font)              up to 1.0pt have occurred.


LaTeX Font Warning: Some font shapes were not available, defaults substituted.

Package atveryend Info: Empty hook `AtVeryVeryEnd' on input line 1378.
 ) 
Here is how much of TeX's memory you used:
 18913 strings out of 493308
 352389 string characters out of 6137816
 410596 words of memory out of 5000000
 21628 multiletter control sequences out of 15000+600000
 14845 words of font info for 55 fonts, out of 8000000 for 9000
 957 hyphenation exceptions out of 8191
 56i,14n,55p,451b,690s stack positions out of 5000i,500n,10000p,200000b,80000s
pdfTeX warning (dest): name{Navigation74} has been referenced but does not ex
ist, replaced by a fixed one

pdfTeX warning (dest): name{Navigation73} has been referenced but does not exis
t, replaced by a fixed one

pdfTeX warning (dest): name{Navigation78} has been referenced but does not exis
t, replaced by a fixed one

{/usr/local/texlive/2013/texmf-dist/fonts/enc/dvips/inconsolata/i4-ts1.enc}{/us
r/local/texlive/2013/texmf-dist/fonts/enc/dvips/inconsolata/i4-ot1-0.enc}</usr/
local/texlive/2013/texmf-dist/fonts/type1/public/inconsolata/Inconsolata-zi4b.p
fb></usr/local/texlive/2013/texmf-dist/fonts/type1/public/inconsolata/Inconsola
ta-zi4r.pfb></usr/local/texlive/2013/texmf-dist/fonts/type1/public/amsfonts/cm/
cmss10.pfb></usr/local/texlive/2013/texmf-dist/fonts/type1/public/amsfonts/cm/c
mss12.pfb></usr/local/texlive/2013/texmf-dist/fonts/type1/public/amsfonts/cm/cm
ss17.pfb></usr/local/texlive/2013/texmf-dist/fonts/type1/public/amsfonts/cm/cms
sbx10.pfb></usr/local/texlive/2013/texmf-dist/fonts/type1/public/amsfonts/cm/cm
ssi10.pfb></usr/local/texlive/2013/texmf-dist/fonts/type1/public/amsfonts/cm/cm
sy9.pfb></usr/local/texlive/2013/texmf-dist/fonts/type1/public/amsfonts/symbols
/msam10.pfb></usr/local/texlive/2013/texmf-dist/fonts/type1/public/amsfonts/sym
bols/msam7.pfb>
Output written on ggplot.pdf (72 pages, 866979 bytes).
PDF statistics:
 2189 PDF objects out of 2487 (max. 8388607)
 2014 compressed objects within 21 object streams
 164 named destinations out of 1000 (max. 500000)
 208 words of extra memory for PDF output out of 10000 (max. 10000000)

